Log file open, 03/28/20 15:50:30
LogWindows: Failed to load 'aqProf.dll' (GetLastError=126)
LogWindows: File 'aqProf.dll' does not exist
LogWindows: Failed to load 'VtuneApi.dll' (GetLastError=126)
LogWindows: File 'VtuneApi.dll' does not exist
LogWindows: Failed to load 'VtuneApi32e.dll' (GetLastError=126)
LogWindows: File 'VtuneApi32e.dll' does not exist
LogInit: Display: Running engine for game: TutorielInventaireC
LogPlatformFile: Not using cached read wrapper
LogInit: Display: RandInit(110897435) SRandInit(110897435).
LogTaskGraph: Started task graph with 5 named threads and 14 total threads with 3 sets of task threads.
LogStats: Stats thread started at 0.226962
LogD3D11RHI: Aftermath initialized
LogPluginManager: Mounting plugin Paper2D
LogPluginManager: Mounting plugin LightPropagationVolume
LogPluginManager: Mounting plugin CodeLiteSourceCodeAccess
LogPluginManager: Mounting plugin GitSourceControl
LogPluginManager: Mounting plugin KDevelopSourceCodeAccess
LogPluginManager: Mounting plugin NullSourceCodeAccess
LogPluginManager: Mounting plugin PerforceSourceControl
LogPluginManager: Mounting plugin SubversionSourceControl
LogPluginManager: Mounting plugin UObjectPlugin
LogPluginManager: Mounting plugin VisualStudioSourceCodeAccess
LogPluginManager: Mounting plugin XCodeSourceCodeAccess
LogPluginManager: Mounting plugin AssetManagerEditor
LogPluginManager: Mounting plugin AudioCapture
LogPluginManager: Mounting plugin FacialAnimation
LogPluginManager: Mounting plugin GameplayTagsEditor
LogPluginManager: Mounting plugin MobileLauncherProfileWizard
LogPluginManager: Mounting plugin PluginBrowser
LogPluginManager: Mounting plugin SpeedTreeImporter
LogPluginManager: Mounting plugin AlembicImporter
LogPluginManager: Mounting plugin CharacterAI
LogPluginManager: Mounting plugin HTML5Networking
LogPluginManager: Mounting plugin AndroidMedia
LogPluginManager: Mounting plugin AvfMedia
LogPluginManager: Mounting plugin MediaPlayerEditor
LogPluginManager: Mounting plugin WmfMedia
LogPluginManager: Mounting plugin TcpMessaging
LogPluginManager: Mounting plugin UdpMessaging
LogPluginManager: Mounting plugin LevelSequenceEditor
LogPluginManager: Mounting plugin MatineeToLevelSequence
LogPluginManager: Mounting plugin OnlineSubsystemGooglePlay
LogPluginManager: Mounting plugin OnlineSubsystemIOS
LogPluginManager: Mounting plugin OnlineSubsystem
LogPluginManager: Mounting plugin OnlineSubsystemNull
LogPluginManager: Mounting plugin OnlineSubsystemUtils
LogPluginManager: Mounting plugin AndroidDeviceProfileSelector
LogPluginManager: Mounting plugin AndroidMoviePlayer
LogPluginManager: Mounting plugin AndroidPermission
LogPluginManager: Mounting plugin AppleMoviePlayer
LogPluginManager: Mounting plugin ArchVisCharacter
LogPluginManager: Mounting plugin CableComponent
LogPluginManager: Mounting plugin CustomMeshComponent
LogPluginManager: Mounting plugin ExampleDeviceProfileSelector
LogPluginManager: Mounting plugin GoogleCloudMessaging
LogPluginManager: Mounting plugin ImmediatePhysics
LogPluginManager: Mounting plugin IOSDeviceProfileSelector
LogPluginManager: Mounting plugin LinuxDeviceProfileSelector
LogPluginManager: Mounting plugin LocationServicesBPLibrary
LogPluginManager: Mounting plugin MobilePatchingUtils
LogPluginManager: Mounting plugin OculusVR
LogPluginManager: Mounting plugin PhysXVehicles
LogPluginManager: Mounting plugin ProceduralMeshComponent
LogPluginManager: Mounting plugin RuntimePhysXCooking
LogPluginManager: Mounting plugin SteamVR
LogPluginManager: Mounting plugin WindowsMoviePlayer
LogInit: Using libcurl 7.47.1
LogInit:  - built for x86_64-pc-win32
LogInit:  - supports SSL with OpenSSL/1.0.2g
LogInit:  - supports HTTP deflate (compression) using libz 1.2.8
LogInit:  - other features:
LogInit:      CURL_VERSION_SSL
LogInit:      CURL_VERSION_LIBZ
LogInit:      CURL_VERSION_IPV6
LogInit:      CURL_VERSION_ASYNCHDNS
LogInit:      CURL_VERSION_LARGEFILE
LogInit:      CURL_VERSION_IDN
LogInit:  CurlRequestOptions (configurable via config and command line):
LogInit:  - bVerifyPeer = false  - Libcurl will NOT verify peer certificate
LogInit:  - bUseHttpProxy = false  - Libcurl will NOT use HTTP proxy
LogInit:  - bDontReuseConnections = false  - Libcurl will reuse connections
LogInit:  - CertBundlePath = nullptr  - Libcurl will use whatever was configured at build time.
LogInit: Build: ++UE4+Release-4.17-CL-3658906
LogInit: Engine Version: 4.17.2-3658906+++UE4+Release-4.17
LogInit: Compatible Engine Version: 4.17.0-3573198+++UE4+Release-4.17
LogInit: Net CL: 3573198
LogDevObjectVersion: Number of dev versions registered: 16
LogDevObjectVersion:   Dev-Blueprints (B0D832E4-1F89-4F0D-ACCF-7EB736FD4AA2): 10
LogDevObjectVersion:   Dev-Build (E1C64328-A22C-4D53-A36C-8E866417BD8C): 0
LogDevObjectVersion:   Dev-Core (375EC13C-06E4-48FB-B500-84F0262A717E): 2
LogDevObjectVersion:   Dev-Editor (E4B068ED-F494-42E9-A231-DA0B2E46BB41): 20
LogDevObjectVersion:   Dev-Framework (CFFC743F-43B0-4480-9391-14DF171D2073): 28
LogDevObjectVersion:   Dev-Mobile (B02B49B5-BB20-44E9-A304-32B752E40360): 0
LogDevObjectVersion:   Dev-Networking (A4E4105C-59A1-49B5-A7C5-40C4547EDFEE): 0
LogDevObjectVersion:   Dev-Online (39C831C9-5AE6-47DC-9A44-9C173E1C8E7C): 0
LogDevObjectVersion:   Dev-Physics (78F01B33-EBEA-4F98-B9B4-84EACCB95AA2): 0
LogDevObjectVersion:   Dev-Platform (6631380F-2D4D-43E0-8009-CF276956A95A): 0
LogDevObjectVersion:   Dev-Rendering (12F88B9F-8875-4AFC-A67C-D90C383ABD29): 19
LogDevObjectVersion:   Dev-Sequencer (7B5AE74C-D270-4C10-A958-57980B212A5A): 4
LogDevObjectVersion:   Dev-VR (D7296918-1DD6-4BDD-9DE2-64A83CC13884): 0
LogDevObjectVersion:   Dev-LoadTimes (C2A15278-BFE7-4AFE-6C17-90FF531DF755): 1
LogDevObjectVersion:   Private-Geometry (6EACA3D4-40EC-4CC1-B786-8BED09428FC5): 1
LogDevObjectVersion:   Dev-AnimPhys (29E575DD-E0A3-4627-9D10-D276232CDCEA): 7
LogInit: Compiled (64-bit): Sep 22 2017 13:47:16
LogInit: Compiled with Visual C++: 19.00.24215.01
LogInit: Build Configuration: Development
LogInit: Branch Name: ++UE4+Release-4.17
LogInit: Command line: -EpicPortal  -epicusername="Lamiel" -epicuserid=0cbc56cfecb541b38e9fb3a5a96f6905 -epiclocale=fr
LogInit: Base directory: A:/UnrealEngine/UE_4.17/Engine/Binaries/Win64/
LogInit: Installed Engine Build: 1
LogInit: Presizing for max 8388607 objects, including 0 objects not considered by GC, pre-allocating 0 bytes for permanent pool.
LogInit: Object subsystem initialized
[2020.03.28-14.50.33:008][  0]LogInit: Selected Device Profile: [Windows]
[2020.03.28-14.50.33:008][  0]LogInit: Applying CVar settings loaded from the selected device profile: [Windows]
[2020.03.28-14.50.33:062][  0]LogInit: Computer: TOCH-PC
[2020.03.28-14.50.33:062][  0]LogInit: User: Toch
[2020.03.28-14.50.33:062][  0]LogInit: CPU Page size=4096, Cores=4
[2020.03.28-14.50.33:062][  0]LogInit: High frequency timer resolution =10.000000 MHz
[2020.03.28-14.50.33:062][  0]LogMemory: Memory total: Physical=8.0GB (8GB approx)
[2020.03.28-14.50.33:062][  0]LogMemory: Platform Memory Stats for Windows
[2020.03.28-14.50.33:062][  0]LogMemory: Process Physical Memory: 279.35 MB used, 279.36 MB peak
[2020.03.28-14.50.33:062][  0]LogMemory: Process Virtual Memory: 282.50 MB used, 282.50 MB peak
[2020.03.28-14.50.33:062][  0]LogMemory: Physical Memory: 5708.11 MB used,  2474.99 MB free, 8183.11 MB total
[2020.03.28-14.50.33:062][  0]LogMemory: Virtual Memory: 4796.47 MB used,  2474.99 MB free, 134217728.00 MB total
[2020.03.28-14.50.33:320][  0]LogInit: Using OS detected language (fr-FR).
[2020.03.28-14.50.33:320][  0]LogInit: Using OS detected locale (fr-FR).
[2020.03.28-14.50.33:325][  0]LogTextLocalizationManager: No localization for 'fr-FR' exists, so 'en' will be used for the language.
[2020.03.28-14.50.33:326][  0]LogTextLocalizationManager: No localization for 'fr-FR' exists, so 'en' will be used for the locale.
[2020.03.28-14.50.34:307][  0]LogD3D11RHI: D3D11 adapters:
[2020.03.28-14.50.34:419][  0]LogD3D11RHI:    0. 'NVIDIA GeForce RTX 2080' (Feature Level 11_0)
[2020.03.28-14.50.34:419][  0]LogD3D11RHI:       8010/0/4091 MB DedicatedVideo/DedicatedSystem/SharedSystem, Outputs:1, VendorId:0x10de
[2020.03.28-14.50.34:423][  0]LogD3D11RHI:    1. 'Microsoft Basic Render Driver' (Feature Level 11_0)
[2020.03.28-14.50.34:423][  0]LogD3D11RHI:       0/0/4091 MB DedicatedVideo/DedicatedSystem/SharedSystem, Outputs:0, VendorId:0x1414
[2020.03.28-14.50.34:423][  0]LogD3D11RHI: Chosen D3D11 Adapter: 0
[2020.03.28-14.50.34:435][  0]LogD3D11RHI: Creating new Direct3DDevice
[2020.03.28-14.50.34:435][  0]LogD3D11RHI:     GPU DeviceId: 0x1e87 (for the marketing name, search the web for "GPU Device Id")
[2020.03.28-14.50.34:435][  0]LogWindows: EnumDisplayDevices:
[2020.03.28-14.50.34:435][  0]LogWindows:    0. 'NVIDIA GeForce RTX 2080' (P:1 D:1)
[2020.03.28-14.50.34:436][  0]LogWindows:    1. 'NVIDIA GeForce RTX 2080' (P:0 D:0)
[2020.03.28-14.50.34:436][  0]LogWindows:    2. 'NVIDIA GeForce RTX 2080' (P:0 D:0)
[2020.03.28-14.50.34:437][  0]LogWindows:    3. 'NVIDIA GeForce RTX 2080' (P:0 D:0)
[2020.03.28-14.50.34:437][  0]LogWindows: DebugString: GetVideoDriverDetailsInvalid PrimaryIsNotTheChoosenAdapter GetVideoDriverDetailsInvalid PrimaryIsNotTheChoosenAdapter GetVideoDriverDetailsInvalid PrimaryIsNotTheChoosenAdapter GetVideoDriverDetailsInvalid PrimaryIsNotTheChoosenAdapter FoundDriverCount:0 
[2020.03.28-14.50.34:437][  0]LogD3D11RHI:     Adapter Name: NVIDIA GeForce RTX 2080
[2020.03.28-14.50.34:437][  0]LogD3D11RHI:   Driver Version: Unknown (internal:Unknown, unified:Unknown)
[2020.03.28-14.50.34:437][  0]LogD3D11RHI:      Driver Date: Unknown
[2020.03.28-14.50.34:437][  0]LogRHI: Texture pool is 1361 MB (70% of 1945 MB)
[2020.03.28-14.50.34:520][  0]LogD3D11RHI: Async texture creation enabled
[2020.03.28-14.50.34:535][  0]LogD3D11RHI: GPU Timing Frequency: 1000.000000 (Debug: 2 1)
[2020.03.28-14.50.34:539][  0]LogShaderCompilers: Guid format shader working directory is -4 characters bigger than the processId version (../../../../../programmation/TutorielInventaireC/Intermediate/Shaders/WorkingDirectory/12740/).
[2020.03.28-14.50.34:539][  0]LogShaderCompilers: Cleaned the shader compiler working directory 'C:/Users/Toch/AppData/Local/Temp/UnrealShaderWorkingDir/5C8B814E4C00DF24B6DA9CBEF2AD6DE6/'.
[2020.03.28-14.50.34:539][  0]LogShaderCompilers: Display: Using Local Shader Compiler.
[2020.03.28-14.50.36:142][  0]LogTemp: Display: Loaded TP AllDesktopTargetPlatform
[2020.03.28-14.50.36:255][  0]LogTemp: Display: Loaded TP MacClientTargetPlatform
[2020.03.28-14.50.36:354][  0]LogTemp: Display: Loaded TP MacNoEditorTargetPlatform
[2020.03.28-14.50.36:456][  0]LogTemp: Display: Loaded TP MacServerTargetPlatform
[2020.03.28-14.50.36:549][  0]LogTemp: Display: Loaded TP MacTargetPlatform
[2020.03.28-14.50.36:629][  0]LogTemp: Display: Loaded TP WindowsClientTargetPlatform
[2020.03.28-14.50.36:703][  0]LogTemp: Display: Loaded TP WindowsNoEditorTargetPlatform
[2020.03.28-14.50.36:776][  0]LogTemp: Display: Loaded TP WindowsServerTargetPlatform
[2020.03.28-14.50.36:839][  0]LogTemp: Display: Loaded TP WindowsTargetPlatform
[2020.03.28-14.50.36:912][  0]LogTemp: Display: Loaded TP AndroidTargetPlatform
[2020.03.28-14.50.36:983][  0]LogTemp: Display: Loaded TP Android_ASTCTargetPlatform
[2020.03.28-14.50.37:055][  0]LogTemp: Display: Loaded TP Android_ATCTargetPlatform
[2020.03.28-14.50.37:126][  0]LogTemp: Display: Loaded TP Android_DXTTargetPlatform
[2020.03.28-14.50.37:198][  0]LogTemp: Display: Loaded TP Android_ETC1TargetPlatform
[2020.03.28-14.50.37:269][  0]LogTemp: Display: Loaded TP Android_ETC2TargetPlatform
[2020.03.28-14.50.37:414][  0]LogTemp: Display: Loaded TP Android_MultiTargetPlatform
[2020.03.28-14.50.37:414][  0]LogTemp: Display: Loaded TP Android_PVRTCTargetPlatform
[2020.03.28-14.50.37:469][  0]LogTemp: Display: Loaded TP HTML5TargetPlatform
[2020.03.28-14.50.37:591][  0]LogTemp: Display: Loaded TP IOSTargetPlatform
[2020.03.28-14.50.37:634][  0]LogTemp: Display: Loaded TP TVOSTargetPlatform
[2020.03.28-14.50.37:706][  0]LogTemp: Display: Loaded TP LinuxClientTargetPlatform
[2020.03.28-14.50.37:778][  0]LogTemp: Display: Loaded TP LinuxNoEditorTargetPlatform
[2020.03.28-14.50.37:851][  0]LogTemp: Display: Loaded TP LinuxServerTargetPlatform
[2020.03.28-14.50.37:922][  0]LogTemp: Display: Loaded TP LinuxTargetPlatform
[2020.03.28-14.50.37:922][  0]LogTargetPlatformManager: Display: Building Assets For Windows
[2020.03.28-14.50.38:598][  0]LogDerivedDataCache: Display: Max Cache Size: 512 MB
[2020.03.28-14.50.38:727][  0]LogDerivedDataCache: Loaded boot cache 0.13s 93MB C:/Users/Toch/AppData/Local/UnrealEngine/4.17/DerivedDataCache/Boot.ddc.
[2020.03.28-14.50.38:727][  0]LogDerivedDataCache: Display: Loaded Boot cache: C:/Users/Toch/AppData/Local/UnrealEngine/4.17/DerivedDataCache/Boot.ddc
[2020.03.28-14.50.38:727][  0]LogDerivedDataCache: FDerivedDataBackendGraph:  Pak pak cache file ../../../../../programmation/TutorielInventaireC/DerivedDataCache/DDC.ddp not found, will not use a pak cache.
[2020.03.28-14.50.38:727][  0]LogDerivedDataCache: Unable to find inner node Pak for hierarchical cache Hierarchy.
[2020.03.28-14.50.38:727][  0]LogDerivedDataCache: FDerivedDataBackendGraph:  CompressedPak pak cache file ../../../../../programmation/TutorielInventaireC/DerivedDataCache/Compressed.ddp not found, will not use a pak cache.
[2020.03.28-14.50.38:727][  0]LogDerivedDataCache: Unable to find inner node CompressedPak for hierarchical cache Hierarchy.
[2020.03.28-14.50.38:749][  0]LogDerivedDataCache: Display: Pak cache opened for reading ../../../Engine/DerivedDataCache/Compressed.ddp.
[2020.03.28-14.50.38:763][  0]LogDerivedDataCache: Using Local data cache path C:/Users/Toch/AppData/Local/UnrealEngine/Common/DerivedDataCache: Writable
[2020.03.28-14.50.38:778][  0]LogMaterial: Verifying Global Shaders for PCD3D_SM5
[2020.03.28-14.50.38:778][  0]LogSlate: Using Freetype 2.6.0
[2020.03.28-14.50.38:779][  0]LogSlate: SlateFontCache - WITH_FREETYPE: 1, WITH_HARFBUZZ: 1
[2020.03.28-14.50.38:779][  0]LogSlate: SlateFontCache - WITH_FREETYPE: 1, WITH_HARFBUZZ: 1
[2020.03.28-14.50.40:636][  0]LogAssetRegistry: FAssetRegistry took 0.0285 seconds to start up
[2020.03.28-14.50.40:812][  0]LogInit: Selected Device Profile: [Windows]
[2020.03.28-14.50.41:038][  0]LogContentStreaming: Texture pool size is 0.00 MB
[2020.03.28-14.50.41:457][  0]LogSimplygon: Simplygon DLL not present - disabling.
[2020.03.28-14.50.41:513][  0]LogMeshReduction: Using SimplygonSwarm for distributed automatic mesh merging
[2020.03.28-14.50.41:513][  0]LogMeshReduction: Using QuadricMeshReduction for automatic static mesh reduction
[2020.03.28-14.50.41:513][  0]LogMeshReduction: No automatic skeletal mesh reduction module available
[2020.03.28-14.50.41:513][  0]LogMeshReduction: No automatic mesh merging module available
[2020.03.28-14.50.41:513][  0]LogMeshMerging: No automatic mesh merging module available
[2020.03.28-14.50.41:983][  0]LogNetVersion: TutorielInventaireC , NetCL: 3573198, EngineNetVer: 2, GameNetVer: 0 (Checksum: 3131073442)
[2020.03.28-14.50.42:288][  0]LogPackageLocalizationCache: Processed 5 localized package path(s) for 1 prioritized culture(s) in 0.089149 seconds
[2020.03.28-14.50.42:296][  0]LogUObjectArray: 35825 objects as part of root set at end of initial load.
[2020.03.28-14.50.42:296][  0]LogUObjectAllocator: 7529112 out of 0 bytes used by permanent object pool.
[2020.03.28-14.50.42:296][  0]LogUObjectArray: CloseDisregardForGC: 0/0 objects in disregard for GC pool
[2020.03.28-14.50.42:382][  0]LogInit: WinSock: version 1.1 (2.2), MaxSocks=32767, MaxUdp=65467
[2020.03.28-14.50.45:993][  0]LogTcpMessaging: Initializing TcpMessaging bridge
[2020.03.28-14.50.46:045][  0]LogUdpMessaging: Initializing bridge on interface 0.0.0.0:0 to multicast group 230.0.0.1:6666.
[2020.03.28-14.50.47:333][  0]LogMaterial: Uniform references updated for custom material expression Custom.
[2020.03.28-14.50.47:892][  0]SourceControl: Source control is disabled
[2020.03.28-14.50.47:892][  0]SourceControl: Source control is disabled
[2020.03.28-14.50.47:959][  0]SourceControl: Source control is disabled
[2020.03.28-14.50.48:025][  0]SourceControl: Source control is disabled
[2020.03.28-14.50.48:857][  0]LogAndroidPermission: UAndroidPermissionCallbackProxy::GetInstance
[2020.03.28-14.50.49:195][  0]LogOcInput: OculusInput pre-init called
[2020.03.28-14.50.49:563][  0]LogEngine: Initializing Engine...
[2020.03.28-14.50.49:567][  0]LogHMD: Failed to initialize OpenVR with code 110
[2020.03.28-14.50.49:868][  0]LogStats: UGameplayTagsManager::ConstructGameplayTagTree: Construct from data asset -  0.000 s
[2020.03.28-14.50.49:869][  0]LogStats: UGameplayTagsManager::ConstructGameplayTagTree: GameplayTagTreeChangedEvent.Broadcast -  0.000 s
[2020.03.28-14.50.50:042][  0]LogAIModule: Creating AISystem for world Untitled
[2020.03.28-14.50.50:161][  0]LogInit: XAudio2 using 'NVIDIA HDMI Out (NVIDIA Virtual Audio Device (Wave Extensible) (WDM))' : 2 channels at 48 kHz using 16 bits per sample (channel mask 0x3)
[2020.03.28-14.50.50:189][  0]LogInit: FAudioDevice initialized.
[2020.03.28-14.50.50:326][  0]LogDerivedDataCache: Saved boot cache 0.14s 93MB C:/Users/Toch/AppData/Local/UnrealEngine/4.17/DerivedDataCache/Boot.ddc.
[2020.03.28-14.50.50:343][  0]LogInit: Texture streaming: Enabled
[2020.03.28-14.50.50:535][  0]LogEngineSessionManager: EngineSessionManager initialized
[2020.03.28-14.50.50:893][  0]LogInit: Transaction tracking system initialized
[2020.03.28-14.50.51:401][  0]BlueprintLog: New page: Editor Load
[2020.03.28-14.50.52:779][  0]LocalizationService: Localization service is disabled
[2020.03.28-14.50.53:733][  0]LogConsoleResponse: Display: 
[2020.03.28-14.50.54:025][  0]LogCook: Display: Max memory allowance for cook 16384mb min free memory 0mb
[2020.03.28-14.50.54:025][  0]LogCook: Display: Mobile HDR setting 1
[2020.03.28-14.50.54:025][  0]LogGameplayTags: Display: UGameplayTagsManager::DoneAddingNativeTags. DelegateIsBound: 0
[2020.03.28-14.50.54:469][  0]LogFileCache: Scanning file cache for directory 'A:/programmation/TutorielInventaireC/Content/' took 0.02s
[2020.03.28-14.50.55:471][  0]SourceControl: Source control is disabled
[2020.03.28-14.50.55:472][  0]Cmd: MAP LOAD FILE="../../../Engine/Content/Maps/Templates/Template_Default.umap" TEMPLATE=1 SHOWPROGRESS=1 FEATURELEVEL=3
[2020.03.28-14.50.55:472][  0]LightingResults: New page: Lighting Build
[2020.03.28-14.50.55:528][  0]MapCheck: New page: Map Check
[2020.03.28-14.50.55:528][  0]LightingResults: New page: Lighting Build
[2020.03.28-14.50.55:760][  0]LogAIModule: Creating AISystem for world Untitled_1
[2020.03.28-14.50.55:767][  0]LogEditorServer: Finished looking for orphan Actors (0.000 secs)
[2020.03.28-14.50.55:784][  0]Cmd: MAP CHECKDEP NOCLEARLOG
[2020.03.28-14.50.55:860][  0]MapCheck: Map check complete: 0 Error(s), 0 Warning(s), took 75.016ms to complete.
[2020.03.28-14.50.55:860][  0]LogFileHelpers: Loading map 'Template_Default' took 0.388
[2020.03.28-14.50.56:478][  0]LogCollectionManager: Loaded 0 collections in 0.002328 seconds
[2020.03.28-14.50.56:644][  0]LogFileCache: Scanning file cache for directory 'A:/programmation/TutorielInventaireC/Saved/Collections/' took 0.01s
[2020.03.28-14.50.56:644][  0]LogFileCache: Scanning file cache for directory 'A:/programmation/TutorielInventaireC/Content/Developers/Toch/Collections/' took 0.01s
[2020.03.28-14.50.56:644][  0]LogFileCache: Scanning file cache for directory 'A:/programmation/TutorielInventaireC/Content/Collections/' took 0.01s
[2020.03.28-14.50.56:644][  0]LogCollectionManager: Rebuilt the GUID cache for 0 collections in 0.000001 seconds
[2020.03.28-14.50.56:664][  0]LogContentBrowser: Native class hierarchy populated in 0.0190 seconds. Added 2391 classes and 502 folders.
[2020.03.28-14.50.56:769][  0]LogContentBrowser: Native class hierarchy updated for 'WidgetCarousel' in 0.0024 seconds. Added 0 classes and 0 folders.
[2020.03.28-14.50.57:946][  0]LogContentBrowser: Native class hierarchy updated for 'AddContentDialog' in 0.0024 seconds. Added 0 classes and 0 folders.
[2020.03.28-14.50.58:082][  0]LogContentBrowser: Native class hierarchy updated for 'SceneOutliner' in 0.0025 seconds. Added 1 classes and 2 folders.
[2020.03.28-14.50.58:814][  0]LogSlate: Took 0.000331 seconds to synchronously load lazily loaded font '../../../Engine/Content/Slate/Fonts/Roboto-Regular.ttf' (155K)
[2020.03.28-14.50.58:825][  0]LogSlate: Took 0.000297 seconds to synchronously load lazily loaded font '../../../Engine/Content/Slate/Fonts/Roboto-Bold.ttf' (160K)
[2020.03.28-14.50.58:900][  0]LogSlate: Took 0.025435 seconds to synchronously load lazily loaded font '../../../Engine/Content/Editor/Slate/Fonts/FontAwesome.ttf' (139K)
[2020.03.28-14.50.59:548][  0]LogRenderer: Reallocating scene render targets to support 1212x576 Format 10 NumSamples 1 (Frame:1).
[2020.03.28-14.51.00:214][  0]LogContentBrowser: Native class hierarchy updated for 'HierarchicalLODOutliner' in 0.0024 seconds. Added 1 classes and 2 folders.
[2020.03.28-14.51.00:215][  0]LogLoad: (Engine Initialization) Total time: 32.15 seconds
[2020.03.28-14.51.00:215][  0]LogLoad: (Engine Initialization) Total Blueprint compile time: 0.00 seconds
[2020.03.28-14.51.00:215][  0]LogExternalProfiler: Found external profiler: VSPerf
[2020.03.28-14.51.00:215][  0]LogExternalProfiler: Using external profiler: VSPerf
[2020.03.28-14.51.00:616][  0]LogContentStreaming: Texture pool size now 1000 MB
[2020.03.28-14.51.00:718][  0]LogSlate: Took 0.028934 seconds to synchronously load lazily loaded font '../../../Engine/Content/Slate/Fonts/Roboto-Light.ttf' (159K)
[2020.03.28-14.51.00:899][  1]LogAssetRegistry: Asset discovery search completed in 20.2855 seconds
[2020.03.28-14.51.00:902][  1]LogCollectionManager: Rebuilt the object cache for 0 collections in 0.000001 seconds (found 0 objects)
[2020.03.28-14.51.00:902][  1]LogCollectionManager: Fixed up redirectors for 0 collections in 0.000057 seconds (updated 0 objects)
[2020.03.28-14.51.08:795][371]LogSlate: Took 0.000247 seconds to synchronously load lazily loaded font '../../../Engine/Content/Slate/Fonts/Roboto-Light.ttf' (159K)
[2020.03.28-14.51.08:932][371]LogAIModule: Creating AISystem for world Niveau
[2020.03.28-14.51.08:989][371]Cmd: MAP LOAD FILE="../../../../../programmation/TutorielInventaireC/Content/Niveau.umap" TEMPLATE=0 SHOWPROGRESS=1 FEATURELEVEL=3
[2020.03.28-14.51.08:989][371]LightingResults: New page: Lighting Build
[2020.03.28-14.51.08:990][371]LoadErrors: New page: Loading map: Niveau.umap
[2020.03.28-14.51.08:991][371]MapCheck: New page: Map Check
[2020.03.28-14.51.08:991][371]LightingResults: New page: Lighting Build
[2020.03.28-14.51.09:198][371]LogEditorServer: Finished looking for orphan Actors (0.000 secs)
[2020.03.28-14.51.09:259][371]Cmd: MAP CHECKDEP NOCLEARLOG
[2020.03.28-14.51.09:333][371]MapCheck: Map check complete: 0 Error(s), 0 Warning(s), took 73.344ms to complete.
[2020.03.28-14.51.09:333][371]LogFileHelpers: Loading map 'Niveau' took 0.345
[2020.03.28-14.51.11:927][661]LogTemp: Repeating last play command: Selected Viewport
[2020.03.28-14.51.12:064][661]LogPlayLevel: PlayLevel: No blueprints needed recompiling
[2020.03.28-14.51.12:104][661]PIE: New page: PIE session: Niveau (Mar 28, 2020, 4:51:12 PM)
[2020.03.28-14.51.12:104][661]LogPlayLevel: Creating play world package: /Game/UEDPIE_0_Niveau
[2020.03.28-14.51.12:141][661]LogPlayLevel: PIE: StaticDuplicateObject took: (0.036945s)
[2020.03.28-14.51.12:142][661]LogAIModule: Creating AISystem for world Niveau
[2020.03.28-14.51.12:142][661]LogPlayLevel: PIE: World Init took: (0.000911s)
[2020.03.28-14.51.12:142][661]LogPlayLevel: PIE: Created PIE world by copying editor world from /Game/Niveau.Niveau to /Game/UEDPIE_0_Niveau.Niveau (0.038195s)
[2020.03.28-14.51.12:267][661]LogInit: XAudio2 using 'NVIDIA HDMI Out (NVIDIA Virtual Audio Device (Wave Extensible) (WDM))' : 2 channels at 48 kHz using 16 bits per sample (channel mask 0x3)
[2020.03.28-14.51.12:278][661]LogInit: FAudioDevice initialized.
[2020.03.28-14.51.12:357][661]LogLoad: Game class is 'BP_TutoGameMode_C'
[2020.03.28-14.51.12:404][661]LogWorld: Bringing World /Game/UEDPIE_0_Niveau.Niveau up for play (max tick rate 0) at 2020.03.28-15.51.12
[2020.03.28-14.51.12:429][661]LogWorld: Bringing up level for play took: 0.036340
[2020.03.28-14.51.12:570][661]LogContentBrowser: Native class hierarchy updated for 'MovieSceneCapture' in 0.0025 seconds. Added 11 classes and 0 folders.
[2020.03.28-14.51.12:584][661]LogGameMode: Display: Match State Changed from EnteringMap to WaitingToStart
[2020.03.28-14.51.12:584][661]LogGameState: Match State Changed from EnteringMap to WaitingToStart
[2020.03.28-14.51.12:584][661]LogGameMode: Display: Match State Changed from WaitingToStart to InProgress
[2020.03.28-14.51.12:705][661]LogGameState: Match State Changed from WaitingToStart to InProgress
[2020.03.28-14.51.12:705][661]PIE: Play in editor start time for /Game/UEDPIE_0_Niveau 1.528
[2020.03.28-14.51.12:724][661]LogInput: Error: Duplicate mapping of key MouseX for axis Tourner
[2020.03.28-14.51.12:724][661]LogInput: Error: Duplicate mapping of key MouseY for axis Lever
[2020.03.28-14.51.13:423][733]LogScript: Warning: Accessed None trying to read property CallFunc_Array_Get_Item
	UMG_Item_C /Engine/Transient.UnrealEdEngine_0:GameInstance_0.UMG_Item_C_0
	Function /Game/AddingContent/UMG/UMG_Item.UMG_Item_C:ColorierImage:01C5
[2020.03.28-14.51.13:423][733]LogScript: Warning: Accessed None trying to read property CallFunc_Array_Get_Item
	UMG_Item_C /Engine/Transient.UnrealEdEngine_0:GameInstance_0.UMG_Item_C_1
	Function /Game/AddingContent/UMG/UMG_Item.UMG_Item_C:ColorierImage:01C5
[2020.03.28-14.51.13:424][733]LogScript: Warning: Accessed None trying to read property CallFunc_Array_Get_Item
	UMG_Item_C /Engine/Transient.UnrealEdEngine_0:GameInstance_0.UMG_Item_C_2
	Function /Game/AddingContent/UMG/UMG_Item.UMG_Item_C:ColorierImage:01C5
[2020.03.28-14.51.13:424][733]LogScript: Warning: Accessed None trying to read property CallFunc_Array_Get_Item
	UMG_Item_C /Engine/Transient.UnrealEdEngine_0:GameInstance_0.UMG_Item_C_3
	Function /Game/AddingContent/UMG/UMG_Item.UMG_Item_C:ColorierImage:01C5
[2020.03.28-14.51.13:424][733]LogScript: Warning: Accessed None trying to read property CallFunc_Array_Get_Item
	UMG_Item_C /Engine/Transient.UnrealEdEngine_0:GameInstance_0.UMG_Item_C_4
	Function /Game/AddingContent/UMG/UMG_Item.UMG_Item_C:ColorierImage:01C5
[2020.03.28-14.51.13:424][733]LogScript: Warning: Accessed None trying to read property CallFunc_Array_Get_Item
	UMG_Item_C /Engine/Transient.UnrealEdEngine_0:GameInstance_0.UMG_Item_C_5
	Function /Game/AddingContent/UMG/UMG_Item.UMG_Item_C:ColorierImage:01C5
[2020.03.28-14.51.13:435][734]LogScript: Warning: Accessed None trying to read property CallFunc_Array_Get_Item
	UMG_Item_C /Engine/Transient.UnrealEdEngine_0:GameInstance_0.UMG_Item_C_0
	Function /Game/AddingContent/UMG/UMG_Item.UMG_Item_C:ColorierImage:01C5
[2020.03.28-14.51.13:435][734]LogScript: Warning: Accessed None trying to read property CallFunc_Array_Get_Item
	UMG_Item_C /Engine/Transient.UnrealEdEngine_0:GameInstance_0.UMG_Item_C_1
	Function /Game/AddingContent/UMG/UMG_Item.UMG_Item_C:ColorierImage:01C5
[2020.03.28-14.51.13:435][734]LogScript: Warning: Accessed None trying to read property CallFunc_Array_Get_Item
	UMG_Item_C /Engine/Transient.UnrealEdEngine_0:GameInstance_0.UMG_Item_C_2
	Function /Game/AddingContent/UMG/UMG_Item.UMG_Item_C:ColorierImage:01C5
[2020.03.28-14.51.13:436][734]LogScript: Warning: Accessed None trying to read property CallFunc_Array_Get_Item
	UMG_Item_C /Engine/Transient.UnrealEdEngine_0:GameInstance_0.UMG_Item_C_3
	Function /Game/AddingContent/UMG/UMG_Item.UMG_Item_C:ColorierImage:01C5
[2020.03.28-14.51.13:436][734]LogScript: Warning: Accessed None trying to read property CallFunc_Array_Get_Item
	UMG_Item_C /Engine/Transient.UnrealEdEngine_0:GameInstance_0.UMG_Item_C_4
	Function /Game/AddingContent/UMG/UMG_Item.UMG_Item_C:ColorierImage:01C5
[2020.03.28-14.51.13:436][734]LogScript: Warning: Accessed None trying to read property CallFunc_Array_Get_Item
	UMG_Item_C /Engine/Transient.UnrealEdEngine_0:GameInstance_0.UMG_Item_C_5
	Function /Game/AddingContent/UMG/UMG_Item.UMG_Item_C:ColorierImage:01C5
[2020.03.28-14.51.13:446][735]LogScript: Warning: Accessed None trying to read property CallFunc_Array_Get_Item
	UMG_Item_C /Engine/Transient.UnrealEdEngine_0:GameInstance_0.UMG_Item_C_0
	Function /Game/AddingContent/UMG/UMG_Item.UMG_Item_C:ColorierImage:01C5
[2020.03.28-14.51.13:446][735]LogScript: Warning: Accessed None trying to read property CallFunc_Array_Get_Item
	UMG_Item_C /Engine/Transient.UnrealEdEngine_0:GameInstance_0.UMG_Item_C_1
	Function /Game/AddingContent/UMG/UMG_Item.UMG_Item_C:ColorierImage:01C5
[2020.03.28-14.51.13:446][735]LogScript: Warning: Accessed None trying to read property CallFunc_Array_Get_Item
	UMG_Item_C /Engine/Transient.UnrealEdEngine_0:GameInstance_0.UMG_Item_C_2
	Function /Game/AddingContent/UMG/UMG_Item.UMG_Item_C:ColorierImage:01C5
[2020.03.28-14.51.13:446][735]LogScript: Warning: Accessed None trying to read property CallFunc_Array_Get_Item
	UMG_Item_C /Engine/Transient.UnrealEdEngine_0:GameInstance_0.UMG_Item_C_3
	Function /Game/AddingContent/UMG/UMG_Item.UMG_Item_C:ColorierImage:01C5
[2020.03.28-14.51.13:447][735]LogScript: Warning: Accessed None trying to read property CallFunc_Array_Get_Item
	UMG_Item_C /Engine/Transient.UnrealEdEngine_0:GameInstance_0.UMG_Item_C_4
	Function /Game/AddingContent/UMG/UMG_Item.UMG_Item_C:ColorierImage:01C5
[2020.03.28-14.51.13:447][735]LogScript: Warning: Accessed None trying to read property CallFunc_Array_Get_Item
	UMG_Item_C /Engine/Transient.UnrealEdEngine_0:GameInstance_0.UMG_Item_C_5
	Function /Game/AddingContent/UMG/UMG_Item.UMG_Item_C:ColorierImage:01C5
[2020.03.28-14.51.13:455][736]LogScript: Warning: Accessed None trying to read property CallFunc_Array_Get_Item
	UMG_Item_C /Engine/Transient.UnrealEdEngine_0:GameInstance_0.UMG_Item_C_0
	Function /Game/AddingContent/UMG/UMG_Item.UMG_Item_C:ColorierImage:01C5
[2020.03.28-14.51.13:455][736]LogScript: Warning: Accessed None trying to read property CallFunc_Array_Get_Item
	UMG_Item_C /Engine/Transient.UnrealEdEngine_0:GameInstance_0.UMG_Item_C_1
	Function /Game/AddingContent/UMG/UMG_Item.UMG_Item_C:ColorierImage:01C5
[2020.03.28-14.51.13:455][736]LogScript: Warning: Accessed None trying to read property CallFunc_Array_Get_Item
	UMG_Item_C /Engine/Transient.UnrealEdEngine_0:GameInstance_0.UMG_Item_C_2
	Function /Game/AddingContent/UMG/UMG_Item.UMG_Item_C:ColorierImage:01C5
[2020.03.28-14.51.13:455][736]LogScript: Warning: Accessed None trying to read property CallFunc_Array_Get_Item
	UMG_Item_C /Engine/Transient.UnrealEdEngine_0:GameInstance_0.UMG_Item_C_3
	Function /Game/AddingContent/UMG/UMG_Item.UMG_Item_C:ColorierImage:01C5
[2020.03.28-14.51.13:455][736]LogScript: Warning: Accessed None trying to read property CallFunc_Array_Get_Item
	UMG_Item_C /Engine/Transient.UnrealEdEngine_0:GameInstance_0.UMG_Item_C_4
	Function /Game/AddingContent/UMG/UMG_Item.UMG_Item_C:ColorierImage:01C5
[2020.03.28-14.51.13:455][736]LogScript: Warning: Accessed None trying to read property CallFunc_Array_Get_Item
	UMG_Item_C /Engine/Transient.UnrealEdEngine_0:GameInstance_0.UMG_Item_C_5
	Function /Game/AddingContent/UMG/UMG_Item.UMG_Item_C:ColorierImage:01C5
[2020.03.28-14.51.13:463][737]LogScript: Warning: Accessed None trying to read property CallFunc_Array_Get_Item
	UMG_Item_C /Engine/Transient.UnrealEdEngine_0:GameInstance_0.UMG_Item_C_0
	Function /Game/AddingContent/UMG/UMG_Item.UMG_Item_C:ColorierImage:01C5
[2020.03.28-14.51.13:464][737]LogScript: Warning: Accessed None trying to read property CallFunc_Array_Get_Item
	UMG_Item_C /Engine/Transient.UnrealEdEngine_0:GameInstance_0.UMG_Item_C_1
	Function /Game/AddingContent/UMG/UMG_Item.UMG_Item_C:ColorierImage:01C5
[2020.03.28-14.51.13:464][737]LogScript: Warning: Accessed None trying to read property CallFunc_Array_Get_Item
	UMG_Item_C /Engine/Transient.UnrealEdEngine_0:GameInstance_0.UMG_Item_C_2
	Function /Game/AddingContent/UMG/UMG_Item.UMG_Item_C:ColorierImage:01C5
[2020.03.28-14.51.13:464][737]LogScript: Warning: Accessed None trying to read property CallFunc_Array_Get_Item
	UMG_Item_C /Engine/Transient.UnrealEdEngine_0:GameInstance_0.UMG_Item_C_3
	Function /Game/AddingContent/UMG/UMG_Item.UMG_Item_C:ColorierImage:01C5
[2020.03.28-14.51.13:464][737]LogScript: Warning: Accessed None trying to read property CallFunc_Array_Get_Item
	UMG_Item_C /Engine/Transient.UnrealEdEngine_0:GameInstance_0.UMG_Item_C_4
	Function /Game/AddingContent/UMG/UMG_Item.UMG_Item_C:ColorierImage:01C5
[2020.03.28-14.51.13:464][737]LogScript: Warning: Accessed None trying to read property CallFunc_Array_Get_Item
	UMG_Item_C /Engine/Transient.UnrealEdEngine_0:GameInstance_0.UMG_Item_C_5
	Function /Game/AddingContent/UMG/UMG_Item.UMG_Item_C:ColorierImage:01C5
[2020.03.28-14.51.13:472][738]LogScript: Warning: Accessed None trying to read property CallFunc_Array_Get_Item
	UMG_Item_C /Engine/Transient.UnrealEdEngine_0:GameInstance_0.UMG_Item_C_0
	Function /Game/AddingContent/UMG/UMG_Item.UMG_Item_C:ColorierImage:01C5
[2020.03.28-14.51.13:472][738]LogScript: Warning: Accessed None trying to read property CallFunc_Array_Get_Item
	UMG_Item_C /Engine/Transient.UnrealEdEngine_0:GameInstance_0.UMG_Item_C_1
	Function /Game/AddingContent/UMG/UMG_Item.UMG_Item_C:ColorierImage:01C5
[2020.03.28-14.51.13:472][738]LogScript: Warning: Accessed None trying to read property CallFunc_Array_Get_Item
	UMG_Item_C /Engine/Transient.UnrealEdEngine_0:GameInstance_0.UMG_Item_C_2
	Function /Game/AddingContent/UMG/UMG_Item.UMG_Item_C:ColorierImage:01C5
[2020.03.28-14.51.13:472][738]LogScript: Warning: Accessed None trying to read property CallFunc_Array_Get_Item
	UMG_Item_C /Engine/Transient.UnrealEdEngine_0:GameInstance_0.UMG_Item_C_3
	Function /Game/AddingContent/UMG/UMG_Item.UMG_Item_C:ColorierImage:01C5
[2020.03.28-14.51.13:472][738]LogScript: Warning: Accessed None trying to read property CallFunc_Array_Get_Item
	UMG_Item_C /Engine/Transient.UnrealEdEngine_0:GameInstance_0.UMG_Item_C_4
	Function /Game/AddingContent/UMG/UMG_Item.UMG_Item_C:ColorierImage:01C5
[2020.03.28-14.51.13:473][738]LogScript: Warning: Accessed None trying to read property CallFunc_Array_Get_Item
	UMG_Item_C /Engine/Transient.UnrealEdEngine_0:GameInstance_0.UMG_Item_C_5
	Function /Game/AddingContent/UMG/UMG_Item.UMG_Item_C:ColorierImage:01C5
[2020.03.28-14.51.13:480][739]LogScript: Warning: Accessed None trying to read property CallFunc_Array_Get_Item
	UMG_Item_C /Engine/Transient.UnrealEdEngine_0:GameInstance_0.UMG_Item_C_0
	Function /Game/AddingContent/UMG/UMG_Item.UMG_Item_C:ColorierImage:01C5
[2020.03.28-14.51.13:481][739]LogScript: Warning: Accessed None trying to read property CallFunc_Array_Get_Item
	UMG_Item_C /Engine/Transient.UnrealEdEngine_0:GameInstance_0.UMG_Item_C_1
	Function /Game/AddingContent/UMG/UMG_Item.UMG_Item_C:ColorierImage:01C5
[2020.03.28-14.51.13:481][739]LogScript: Warning: Accessed None trying to read property CallFunc_Array_Get_Item
	UMG_Item_C /Engine/Transient.UnrealEdEngine_0:GameInstance_0.UMG_Item_C_2
	Function /Game/AddingContent/UMG/UMG_Item.UMG_Item_C:ColorierImage:01C5
[2020.03.28-14.51.13:481][739]LogScript: Warning: Accessed None trying to read property CallFunc_Array_Get_Item
	UMG_Item_C /Engine/Transient.UnrealEdEngine_0:GameInstance_0.UMG_Item_C_3
	Function /Game/AddingContent/UMG/UMG_Item.UMG_Item_C:ColorierImage:01C5
[2020.03.28-14.51.13:481][739]LogScript: Warning: Accessed None trying to read property CallFunc_Array_Get_Item
	UMG_Item_C /Engine/Transient.UnrealEdEngine_0:GameInstance_0.UMG_Item_C_4
	Function /Game/AddingContent/UMG/UMG_Item.UMG_Item_C:ColorierImage:01C5
[2020.03.28-14.51.13:481][739]LogScript: Warning: Accessed None trying to read property CallFunc_Array_Get_Item
	UMG_Item_C /Engine/Transient.UnrealEdEngine_0:GameInstance_0.UMG_Item_C_5
	Function /Game/AddingContent/UMG/UMG_Item.UMG_Item_C:ColorierImage:01C5
[2020.03.28-14.51.13:489][740]LogScript: Warning: Accessed None trying to read property CallFunc_Array_Get_Item
	UMG_Item_C /Engine/Transient.UnrealEdEngine_0:GameInstance_0.UMG_Item_C_0
	Function /Game/AddingContent/UMG/UMG_Item.UMG_Item_C:ColorierImage:01C5
[2020.03.28-14.51.13:489][740]LogScript: Warning: Accessed None trying to read property CallFunc_Array_Get_Item
	UMG_Item_C /Engine/Transient.UnrealEdEngine_0:GameInstance_0.UMG_Item_C_1
	Function /Game/AddingContent/UMG/UMG_Item.UMG_Item_C:ColorierImage:01C5
[2020.03.28-14.51.13:489][740]LogScript: Warning: Accessed None trying to read property CallFunc_Array_Get_Item
	UMG_Item_C /Engine/Transient.UnrealEdEngine_0:GameInstance_0.UMG_Item_C_2
	Function /Game/AddingContent/UMG/UMG_Item.UMG_Item_C:ColorierImage:01C5
[2020.03.28-14.51.13:489][740]LogScript: Warning: Accessed None trying to read property CallFunc_Array_Get_Item
	UMG_Item_C /Engine/Transient.UnrealEdEngine_0:GameInstance_0.UMG_Item_C_3
	Function /Game/AddingContent/UMG/UMG_Item.UMG_Item_C:ColorierImage:01C5
[2020.03.28-14.51.13:489][740]LogScript: Warning: Accessed None trying to read property CallFunc_Array_Get_Item
	UMG_Item_C /Engine/Transient.UnrealEdEngine_0:GameInstance_0.UMG_Item_C_4
	Function /Game/AddingContent/UMG/UMG_Item.UMG_Item_C:ColorierImage:01C5
[2020.03.28-14.51.13:490][740]LogScript: Warning: Accessed None trying to read property CallFunc_Array_Get_Item
	UMG_Item_C /Engine/Transient.UnrealEdEngine_0:GameInstance_0.UMG_Item_C_5
	Function /Game/AddingContent/UMG/UMG_Item.UMG_Item_C:ColorierImage:01C5
[2020.03.28-14.51.13:498][741]LogScript: Warning: Accessed None trying to read property CallFunc_Array_Get_Item
	UMG_Item_C /Engine/Transient.UnrealEdEngine_0:GameInstance_0.UMG_Item_C_0
	Function /Game/AddingContent/UMG/UMG_Item.UMG_Item_C:ColorierImage:01C5
[2020.03.28-14.51.13:498][741]LogScript: Warning: Accessed None trying to read property CallFunc_Array_Get_Item
	UMG_Item_C /Engine/Transient.UnrealEdEngine_0:GameInstance_0.UMG_Item_C_1
	Function /Game/AddingContent/UMG/UMG_Item.UMG_Item_C:ColorierImage:01C5
[2020.03.28-14.51.13:498][741]LogScript: Warning: Accessed None trying to read property CallFunc_Array_Get_Item
	UMG_Item_C /Engine/Transient.UnrealEdEngine_0:GameInstance_0.UMG_Item_C_2
	Function /Game/AddingContent/UMG/UMG_Item.UMG_Item_C:ColorierImage:01C5
[2020.03.28-14.51.13:498][741]LogScript: Warning: Accessed None trying to read property CallFunc_Array_Get_Item
	UMG_Item_C /Engine/Transient.UnrealEdEngine_0:GameInstance_0.UMG_Item_C_3
	Function /Game/AddingContent/UMG/UMG_Item.UMG_Item_C:ColorierImage:01C5
[2020.03.28-14.51.13:499][741]LogScript: Warning: Accessed None trying to read property CallFunc_Array_Get_Item
	UMG_Item_C /Engine/Transient.UnrealEdEngine_0:GameInstance_0.UMG_Item_C_4
	Function /Game/AddingContent/UMG/UMG_Item.UMG_Item_C:ColorierImage:01C5
[2020.03.28-14.51.13:499][741]LogScript: Warning: Accessed None trying to read property CallFunc_Array_Get_Item
	UMG_Item_C /Engine/Transient.UnrealEdEngine_0:GameInstance_0.UMG_Item_C_5
	Function /Game/AddingContent/UMG/UMG_Item.UMG_Item_C:ColorierImage:01C5
[2020.03.28-14.51.13:507][742]LogScript: Warning: Accessed None trying to read property CallFunc_Array_Get_Item
	UMG_Item_C /Engine/Transient.UnrealEdEngine_0:GameInstance_0.UMG_Item_C_0
	Function /Game/AddingContent/UMG/UMG_Item.UMG_Item_C:ColorierImage:01C5
[2020.03.28-14.51.13:507][742]LogScript: Warning: Accessed None trying to read property CallFunc_Array_Get_Item
	UMG_Item_C /Engine/Transient.UnrealEdEngine_0:GameInstance_0.UMG_Item_C_1
	Function /Game/AddingContent/UMG/UMG_Item.UMG_Item_C:ColorierImage:01C5
[2020.03.28-14.51.13:507][742]LogScript: Warning: Accessed None trying to read property CallFunc_Array_Get_Item
	UMG_Item_C /Engine/Transient.UnrealEdEngine_0:GameInstance_0.UMG_Item_C_2
	Function /Game/AddingContent/UMG/UMG_Item.UMG_Item_C:ColorierImage:01C5
[2020.03.28-14.51.13:507][742]LogScript: Warning: Accessed None trying to read property CallFunc_Array_Get_Item
	UMG_Item_C /Engine/Transient.UnrealEdEngine_0:GameInstance_0.UMG_Item_C_3
	Function /Game/AddingContent/UMG/UMG_Item.UMG_Item_C:ColorierImage:01C5
[2020.03.28-14.51.13:507][742]LogScript: Warning: Accessed None trying to read property CallFunc_Array_Get_Item
	UMG_Item_C /Engine/Transient.UnrealEdEngine_0:GameInstance_0.UMG_Item_C_4
	Function /Game/AddingContent/UMG/UMG_Item.UMG_Item_C:ColorierImage:01C5
[2020.03.28-14.51.13:507][742]LogScript: Warning: Accessed None trying to read property CallFunc_Array_Get_Item
	UMG_Item_C /Engine/Transient.UnrealEdEngine_0:GameInstance_0.UMG_Item_C_5
	Function /Game/AddingContent/UMG/UMG_Item.UMG_Item_C:ColorierImage:01C5
[2020.03.28-14.51.13:515][743]LogScript: Warning: Accessed None trying to read property CallFunc_Array_Get_Item
	UMG_Item_C /Engine/Transient.UnrealEdEngine_0:GameInstance_0.UMG_Item_C_0
	Function /Game/AddingContent/UMG/UMG_Item.UMG_Item_C:ColorierImage:01C5
[2020.03.28-14.51.13:516][743]LogScript: Warning: Accessed None trying to read property CallFunc_Array_Get_Item
	UMG_Item_C /Engine/Transient.UnrealEdEngine_0:GameInstance_0.UMG_Item_C_1
	Function /Game/AddingContent/UMG/UMG_Item.UMG_Item_C:ColorierImage:01C5
[2020.03.28-14.51.13:516][743]LogScript: Warning: Accessed None trying to read property CallFunc_Array_Get_Item
	UMG_Item_C /Engine/Transient.UnrealEdEngine_0:GameInstance_0.UMG_Item_C_2
	Function /Game/AddingContent/UMG/UMG_Item.UMG_Item_C:ColorierImage:01C5
[2020.03.28-14.51.13:516][743]LogScript: Warning: Accessed None trying to read property CallFunc_Array_Get_Item
	UMG_Item_C /Engine/Transient.UnrealEdEngine_0:GameInstance_0.UMG_Item_C_3
	Function /Game/AddingContent/UMG/UMG_Item.UMG_Item_C:ColorierImage:01C5
[2020.03.28-14.51.13:516][743]LogScript: Warning: Accessed None trying to read property CallFunc_Array_Get_Item
	UMG_Item_C /Engine/Transient.UnrealEdEngine_0:GameInstance_0.UMG_Item_C_4
	Function /Game/AddingContent/UMG/UMG_Item.UMG_Item_C:ColorierImage:01C5
[2020.03.28-14.51.13:516][743]LogScript: Warning: Accessed None trying to read property CallFunc_Array_Get_Item
	UMG_Item_C /Engine/Transient.UnrealEdEngine_0:GameInstance_0.UMG_Item_C_5
	Function /Game/AddingContent/UMG/UMG_Item.UMG_Item_C:ColorierImage:01C5
[2020.03.28-14.51.13:524][744]LogScript: Warning: Accessed None trying to read property CallFunc_Array_Get_Item
	UMG_Item_C /Engine/Transient.UnrealEdEngine_0:GameInstance_0.UMG_Item_C_0
	Function /Game/AddingContent/UMG/UMG_Item.UMG_Item_C:ColorierImage:01C5
[2020.03.28-14.51.13:524][744]LogScript: Warning: Accessed None trying to read property CallFunc_Array_Get_Item
	UMG_Item_C /Engine/Transient.UnrealEdEngine_0:GameInstance_0.UMG_Item_C_1
	Function /Game/AddingContent/UMG/UMG_Item.UMG_Item_C:ColorierImage:01C5
[2020.03.28-14.51.13:524][744]LogScript: Warning: Accessed None trying to read property CallFunc_Array_Get_Item
	UMG_Item_C /Engine/Transient.UnrealEdEngine_0:GameInstance_0.UMG_Item_C_2
	Function /Game/AddingContent/UMG/UMG_Item.UMG_Item_C:ColorierImage:01C5
[2020.03.28-14.51.13:524][744]LogScript: Warning: Accessed None trying to read property CallFunc_Array_Get_Item
	UMG_Item_C /Engine/Transient.UnrealEdEngine_0:GameInstance_0.UMG_Item_C_3
	Function /Game/AddingContent/UMG/UMG_Item.UMG_Item_C:ColorierImage:01C5
[2020.03.28-14.51.13:524][744]LogScript: Warning: Accessed None trying to read property CallFunc_Array_Get_Item
	UMG_Item_C /Engine/Transient.UnrealEdEngine_0:GameInstance_0.UMG_Item_C_4
	Function /Game/AddingContent/UMG/UMG_Item.UMG_Item_C:ColorierImage:01C5
[2020.03.28-14.51.13:525][744]LogScript: Warning: Accessed None trying to read property CallFunc_Array_Get_Item
	UMG_Item_C /Engine/Transient.UnrealEdEngine_0:GameInstance_0.UMG_Item_C_5
	Function /Game/AddingContent/UMG/UMG_Item.UMG_Item_C:ColorierImage:01C5
[2020.03.28-14.51.13:532][745]LogScript: Warning: Accessed None trying to read property CallFunc_Array_Get_Item
	UMG_Item_C /Engine/Transient.UnrealEdEngine_0:GameInstance_0.UMG_Item_C_0
	Function /Game/AddingContent/UMG/UMG_Item.UMG_Item_C:ColorierImage:01C5
[2020.03.28-14.51.13:533][745]LogScript: Warning: Accessed None trying to read property CallFunc_Array_Get_Item
	UMG_Item_C /Engine/Transient.UnrealEdEngine_0:GameInstance_0.UMG_Item_C_1
	Function /Game/AddingContent/UMG/UMG_Item.UMG_Item_C:ColorierImage:01C5
[2020.03.28-14.51.13:533][745]LogScript: Warning: Accessed None trying to read property CallFunc_Array_Get_Item
	UMG_Item_C /Engine/Transient.UnrealEdEngine_0:GameInstance_0.UMG_Item_C_2
	Function /Game/AddingContent/UMG/UMG_Item.UMG_Item_C:ColorierImage:01C5
[2020.03.28-14.51.13:533][745]LogScript: Warning: Accessed None trying to read property CallFunc_Array_Get_Item
	UMG_Item_C /Engine/Transient.UnrealEdEngine_0:GameInstance_0.UMG_Item_C_3
	Function /Game/AddingContent/UMG/UMG_Item.UMG_Item_C:ColorierImage:01C5
[2020.03.28-14.51.13:533][745]LogScript: Warning: Accessed None trying to read property CallFunc_Array_Get_Item
	UMG_Item_C /Engine/Transient.UnrealEdEngine_0:GameInstance_0.UMG_Item_C_4
	Function /Game/AddingContent/UMG/UMG_Item.UMG_Item_C:ColorierImage:01C5
[2020.03.28-14.51.13:533][745]LogScript: Warning: Accessed None trying to read property CallFunc_Array_Get_Item
	UMG_Item_C /Engine/Transient.UnrealEdEngine_0:GameInstance_0.UMG_Item_C_5
	Function /Game/AddingContent/UMG/UMG_Item.UMG_Item_C:ColorierImage:01C5
[2020.03.28-14.51.13:541][746]LogScript: Warning: Accessed None trying to read property CallFunc_Array_Get_Item
	UMG_Item_C /Engine/Transient.UnrealEdEngine_0:GameInstance_0.UMG_Item_C_0
	Function /Game/AddingContent/UMG/UMG_Item.UMG_Item_C:ColorierImage:01C5
[2020.03.28-14.51.13:541][746]LogScript: Warning: Accessed None trying to read property CallFunc_Array_Get_Item
	UMG_Item_C /Engine/Transient.UnrealEdEngine_0:GameInstance_0.UMG_Item_C_1
	Function /Game/AddingContent/UMG/UMG_Item.UMG_Item_C:ColorierImage:01C5
[2020.03.28-14.51.13:541][746]LogScript: Warning: Accessed None trying to read property CallFunc_Array_Get_Item
	UMG_Item_C /Engine/Transient.UnrealEdEngine_0:GameInstance_0.UMG_Item_C_2
	Function /Game/AddingContent/UMG/UMG_Item.UMG_Item_C:ColorierImage:01C5
[2020.03.28-14.51.13:541][746]LogScript: Warning: Accessed None trying to read property CallFunc_Array_Get_Item
	UMG_Item_C /Engine/Transient.UnrealEdEngine_0:GameInstance_0.UMG_Item_C_3
	Function /Game/AddingContent/UMG/UMG_Item.UMG_Item_C:ColorierImage:01C5
[2020.03.28-14.51.13:542][746]LogScript: Warning: Accessed None trying to read property CallFunc_Array_Get_Item
	UMG_Item_C /Engine/Transient.UnrealEdEngine_0:GameInstance_0.UMG_Item_C_4
	Function /Game/AddingContent/UMG/UMG_Item.UMG_Item_C:ColorierImage:01C5
[2020.03.28-14.51.13:542][746]LogScript: Warning: Accessed None trying to read property CallFunc_Array_Get_Item
	UMG_Item_C /Engine/Transient.UnrealEdEngine_0:GameInstance_0.UMG_Item_C_5
	Function /Game/AddingContent/UMG/UMG_Item.UMG_Item_C:ColorierImage:01C5
[2020.03.28-14.51.13:549][747]LogScript: Warning: Accessed None trying to read property CallFunc_Array_Get_Item
	UMG_Item_C /Engine/Transient.UnrealEdEngine_0:GameInstance_0.UMG_Item_C_0
	Function /Game/AddingContent/UMG/UMG_Item.UMG_Item_C:ColorierImage:01C5
[2020.03.28-14.51.13:549][747]LogScript: Warning: Accessed None trying to read property CallFunc_Array_Get_Item
	UMG_Item_C /Engine/Transient.UnrealEdEngine_0:GameInstance_0.UMG_Item_C_1
	Function /Game/AddingContent/UMG/UMG_Item.UMG_Item_C:ColorierImage:01C5
[2020.03.28-14.51.13:550][747]LogScript: Warning: Accessed None trying to read property CallFunc_Array_Get_Item
	UMG_Item_C /Engine/Transient.UnrealEdEngine_0:GameInstance_0.UMG_Item_C_2
	Function /Game/AddingContent/UMG/UMG_Item.UMG_Item_C:ColorierImage:01C5
[2020.03.28-14.51.13:550][747]LogScript: Warning: Accessed None trying to read property CallFunc_Array_Get_Item
	UMG_Item_C /Engine/Transient.UnrealEdEngine_0:GameInstance_0.UMG_Item_C_3
	Function /Game/AddingContent/UMG/UMG_Item.UMG_Item_C:ColorierImage:01C5
[2020.03.28-14.51.13:550][747]LogScript: Warning: Accessed None trying to read property CallFunc_Array_Get_Item
	UMG_Item_C /Engine/Transient.UnrealEdEngine_0:GameInstance_0.UMG_Item_C_4
	Function /Game/AddingContent/UMG/UMG_Item.UMG_Item_C:ColorierImage:01C5
[2020.03.28-14.51.13:550][747]LogScript: Warning: Accessed None trying to read property CallFunc_Array_Get_Item
	UMG_Item_C /Engine/Transient.UnrealEdEngine_0:GameInstance_0.UMG_Item_C_5
	Function /Game/AddingContent/UMG/UMG_Item.UMG_Item_C:ColorierImage:01C5
[2020.03.28-14.51.13:558][748]LogScript: Warning: Accessed None trying to read property CallFunc_Array_Get_Item
	UMG_Item_C /Engine/Transient.UnrealEdEngine_0:GameInstance_0.UMG_Item_C_0
	Function /Game/AddingContent/UMG/UMG_Item.UMG_Item_C:ColorierImage:01C5
[2020.03.28-14.51.13:558][748]LogScript: Warning: Accessed None trying to read property CallFunc_Array_Get_Item
	UMG_Item_C /Engine/Transient.UnrealEdEngine_0:GameInstance_0.UMG_Item_C_1
	Function /Game/AddingContent/UMG/UMG_Item.UMG_Item_C:ColorierImage:01C5
[2020.03.28-14.51.13:558][748]LogScript: Warning: Accessed None trying to read property CallFunc_Array_Get_Item
	UMG_Item_C /Engine/Transient.UnrealEdEngine_0:GameInstance_0.UMG_Item_C_2
	Function /Game/AddingContent/UMG/UMG_Item.UMG_Item_C:ColorierImage:01C5
[2020.03.28-14.51.13:558][748]LogScript: Warning: Accessed None trying to read property CallFunc_Array_Get_Item
	UMG_Item_C /Engine/Transient.UnrealEdEngine_0:GameInstance_0.UMG_Item_C_3
	Function /Game/AddingContent/UMG/UMG_Item.UMG_Item_C:ColorierImage:01C5
[2020.03.28-14.51.13:558][748]LogScript: Warning: Accessed None trying to read property CallFunc_Array_Get_Item
	UMG_Item_C /Engine/Transient.UnrealEdEngine_0:GameInstance_0.UMG_Item_C_4
	Function /Game/AddingContent/UMG/UMG_Item.UMG_Item_C:ColorierImage:01C5
[2020.03.28-14.51.13:559][748]LogScript: Warning: Accessed None trying to read property CallFunc_Array_Get_Item
	UMG_Item_C /Engine/Transient.UnrealEdEngine_0:GameInstance_0.UMG_Item_C_5
	Function /Game/AddingContent/UMG/UMG_Item.UMG_Item_C:ColorierImage:01C5
[2020.03.28-14.51.13:566][749]LogScript: Warning: Accessed None trying to read property CallFunc_Array_Get_Item
	UMG_Item_C /Engine/Transient.UnrealEdEngine_0:GameInstance_0.UMG_Item_C_0
	Function /Game/AddingContent/UMG/UMG_Item.UMG_Item_C:ColorierImage:01C5
[2020.03.28-14.51.13:566][749]LogScript: Warning: Accessed None trying to read property CallFunc_Array_Get_Item
	UMG_Item_C /Engine/Transient.UnrealEdEngine_0:GameInstance_0.UMG_Item_C_1
	Function /Game/AddingContent/UMG/UMG_Item.UMG_Item_C:ColorierImage:01C5
[2020.03.28-14.51.13:567][749]LogScript: Warning: Accessed None trying to read property CallFunc_Array_Get_Item
	UMG_Item_C /Engine/Transient.UnrealEdEngine_0:GameInstance_0.UMG_Item_C_2
	Function /Game/AddingContent/UMG/UMG_Item.UMG_Item_C:ColorierImage:01C5
[2020.03.28-14.51.13:567][749]LogScript: Warning: Accessed None trying to read property CallFunc_Array_Get_Item
	UMG_Item_C /Engine/Transient.UnrealEdEngine_0:GameInstance_0.UMG_Item_C_3
	Function /Game/AddingContent/UMG/UMG_Item.UMG_Item_C:ColorierImage:01C5
[2020.03.28-14.51.13:567][749]LogScript: Warning: Accessed None trying to read property CallFunc_Array_Get_Item
	UMG_Item_C /Engine/Transient.UnrealEdEngine_0:GameInstance_0.UMG_Item_C_4
	Function /Game/AddingContent/UMG/UMG_Item.UMG_Item_C:ColorierImage:01C5
[2020.03.28-14.51.13:567][749]LogScript: Warning: Accessed None trying to read property CallFunc_Array_Get_Item
	UMG_Item_C /Engine/Transient.UnrealEdEngine_0:GameInstance_0.UMG_Item_C_5
	Function /Game/AddingContent/UMG/UMG_Item.UMG_Item_C:ColorierImage:01C5
[2020.03.28-14.51.48:583][616]LogEditorViewport: Clicking on Actor (LMB): BP_TutoItem_C (BP_TutoItem)
[2020.03.28-14.51.52:142][960]LogSlate: Took 0.026317 seconds to synchronously load lazily loaded font '../../../Engine/Content/Editor/Slate/Fonts/Roboto-Italic.ttf' (157K)
[2020.03.28-15.10.25:060][500]LogHotReload: New module detected: UE4Editor-TutorielInventaireC-1907.dll
[2020.03.28-15.10.27:252][508]LogHotReload: Starting Hot-Reload from IDE
[2020.03.28-15.10.29:482][508]LogClass: Item HotReload.
[2020.03.28-15.10.29:488][508]LogContentBrowser: Native class hierarchy updated for 'TutorielInventaireC' in 0.0025 seconds. Added 5 classes and 2 folders.
[2020.03.28-15.10.29:490][508]Display: HotReload successful (10 functions remapped  2 scriptstructs remapped)
[2020.03.28-15.10.29:800][508]LogContentBrowser: Native class hierarchy populated in 0.0153 seconds. Added 2393 classes and 506 folders.
[2020.03.28-15.10.29:983][508]Display: HotReload took  2.7s.
[2020.03.28-15.14.53:324][298]LogHotReload: New module detected: UE4Editor-TutorielInventaireC-442.dll
[2020.03.28-15.14.54:671][303]LogHotReload: Starting Hot-Reload from IDE
[2020.03.28-15.14.54:794][303]LogClass: Requirement HotReload.
[2020.03.28-15.14.54:794][303]LogClass: Item HotReload.
[2020.03.28-15.14.54:800][303]LogContentBrowser: Native class hierarchy updated for 'TutorielInventaireC' in 0.0027 seconds. Added 5 classes and 2 folders.
[2020.03.28-15.14.54:802][303]Display: HotReload successful (10 functions remapped  3 scriptstructs remapped)
[2020.03.28-15.14.54:849][303]LogContentBrowser: Native class hierarchy populated in 0.0151 seconds. Added 2393 classes and 506 folders.
[2020.03.28-15.14.54:853][303]Display: HotReload took  0.2s.
[2020.03.28-15.24.14:326][981]LogHotReload: New module detected: UE4Editor-TutorielInventaireC-184.dll
[2020.03.28-15.24.15:673][986]LogHotReload: Starting Hot-Reload from IDE
[2020.03.28-15.24.18:528][986]LogClass: Could not find existing class TutoJoueur in package /Script/TutorielInventaireC for HotReload, assuming new class
[2020.03.28-15.24.18:528][986]LogClass: Function AddItem is new.
[2020.03.28-15.24.18:528][986]LogClass: Function AddItems is new.
[2020.03.28-15.24.18:528][986]LogClass: Function Avant is new.
[2020.03.28-15.24.18:528][986]LogClass: Function ChangeInventoryState is new.
[2020.03.28-15.24.18:528][986]LogClass: Function Droite is new.
[2020.03.28-15.24.18:528][986]LogClass: Function GetIndexFromID is new.
[2020.03.28-15.24.18:528][986]LogClass: Function GetNumberFromID is new.
[2020.03.28-15.24.18:528][986]LogClass: Function RemoveItem is new.
[2020.03.28-15.24.18:529][986]LogClass: Craft HotReload.
[2020.03.28-15.24.18:529][986]LogClass: Requirement HotReload.
[2020.03.28-15.24.18:529][986]LogClass: Item HotReload.
[2020.03.28-15.24.18:546][986]LogHotReload: Re-instancing TutoJoueur after hot-reload.
[2020.03.28-15.24.18:898][986]LogBlueprint: Error: [Compiler UMG_HUD] Can't connect pins  Target  and  As BP Tuto Joueur : Tuto Joueur Object Reference is not compatible with BP Tuto Joueur Object Reference.
[2020.03.28-15.24.18:898][986]LogBlueprint: Error: [Compiler UMG_HUD] Can't connect pins  As BP Tuto Joueur  and  Target : BP Tuto Joueur Object Reference is not compatible with Tuto Joueur Object Reference.
[2020.03.28-15.24.18:899][986]LogBlueprint: Error: [Compiler UMG_HUD] Can't connect pins  As BP Tuto Joueur  and  Target : BP Tuto Joueur Object Reference is not compatible with Tuto Joueur Object Reference.
[2020.03.28-15.24.18:899][986]LogBlueprint: Error: [Compiler UMG_HUD] Can't connect pins  Target  and  As BP Tuto Joueur : Tuto Joueur Object Reference is not compatible with BP Tuto Joueur Object Reference.
[2020.03.28-15.24.18:900][986]LogBlueprint: Error: [Compiler UMG_HUD] Can't connect pins  As BP Tuto Joueur  and  Target : BP Tuto Joueur Object Reference is not compatible with Tuto Joueur Object Reference.
[2020.03.28-15.24.18:900][986]LogBlueprint: Error: [Compiler UMG_HUD] Can't connect pins  Target  and  As BP Tuto Joueur : Tuto Joueur Object Reference is not compatible with BP Tuto Joueur Object Reference.
[2020.03.28-15.24.18:903][986]LogBlueprint: Error: [Compiler UMG_Item] Can't connect pins  Target  and  As BP Tuto Joueur : Tuto Joueur Object Reference is not compatible with BP Tuto Joueur Object Reference.
[2020.03.28-15.24.18:903][986]LogBlueprint: Error: [Compiler UMG_Item] Can't connect pins  As BP Tuto Joueur  and  Target : BP Tuto Joueur Object Reference is not compatible with Tuto Joueur Object Reference.
[2020.03.28-15.24.18:992][986]LogBlueprint: Error: [Compiler UMG_HUD] Binding: Property ' VisibilityDelegate ' on Widget ' BordureInventaire ': Binding: 'GetInventaireVisible' : 'GetInventaireVisible' was not found on 'UMG HUD'.
[2020.03.28-15.24.19:036][986]LogBlueprint: Warning: [Compiler UMG_HUD] [2030.97] Compile of UMG_HUD failed. 7 Fatal Issue(s) 0 Warning(s) [in 414 ms] (/Game/AddingContent/UMG/UMG_HUD.UMG_HUD)
[2020.03.28-15.24.19:036][986]LogBlueprint: Warning: [Compiler UMG_Item] [2030.97] Compile of UMG_Item failed. 2 Fatal Issue(s) 0 Warning(s) [in 414 ms] (/Game/AddingContent/UMG/UMG_Item.UMG_Item)
[2020.03.28-15.24.19:159][986]LogContentBrowser: Native class hierarchy updated for 'TutorielInventaireC' in 0.0025 seconds. Added 5 classes and 2 folders.
[2020.03.28-15.24.19:161][986]Display: HotReload successful (2 functions remapped  3 scriptstructs remapped)
[2020.03.28-15.24.19:209][986]LogContentBrowser: Native class hierarchy populated in 0.0153 seconds. Added 2393 classes and 506 folders.
[2020.03.28-15.24.19:214][986]Display: HotReload took  3.5s.
